# JRE version: 7.0_11-b21
# Java VM: Java HotSpot(TM) 64-Bit Server VM (23.6-b04 mixed mode windows-amd64 compressed oops)
Heap
 PSYoungGen      total 15168K, used 809K [0x00000000fa000000, 0x00000000fb070000, 0x0000000100000000)
  eden space 13632K, 0% used [0x00000000fa000000,0x00000000fa000000,0x00000000fad50000)
  from space 1536K, 52% used [0x00000000faef0000,0x00000000fafba468,0x00000000fb070000)
  to   space 1600K, 0% used [0x00000000fad50000,0x00000000fad50000,0x00000000faee0000)
 ParOldGen       total 294912K, used 293783K [0x00000000e8000000, 0x00000000fa000000, 0x00000000fa000000)
  object space 294912K, 99% used [0x00000000e8000000,0x00000000f9ee5cd8,0x00000000fa000000)
 PSPermGen       total 111296K, used 61379K [0x00000000e0000000, 0x00000000e6cb0000, 0x00000000e8000000)
  object space 111296K, 55% used [0x00000000e0000000,0x00000000e3bf0ca0,0x00000000e6cb0000)
GC Heap History (10 events):
Event: 79131.081 GC heap after
Heap after GC invocations=1681 (full 5):
 PSYoungGen      total 15616K, used 352K [0x00000000fa000000, 0x00000000fb130000, 0x0000000100000000)
  eden space 13888K, 0% used [0x00000000fa000000,0x00000000fa000000,0x00000000fad90000)
  from space 1728K, 20% used [0x00000000faf80000,0x00000000fafd8000,0x00000000fb130000)
  to   space 1856K, 0% used [0x00000000fad90000,0x00000000fad90000,0x00000000faf60000)
 ParOldGen       total 294912K, used 287513K [0x00000000e8000000, 0x00000000fa000000, 0x00000000fa000000)
  object space 294912K, 97% used [0x00000000e8000000,0x00000000f98c65c8,0x00000000fa000000)
 PSPermGen       total 111296K, used 61378K [0x00000000e0000000, 0x00000000e6cb0000, 0x00000000e8000000)
  object space 111296K, 55% used [0x00000000e0000000,0x00000000e3bf0b48,0x00000000e6cb0000)
}
Event: 79158.995 GC heap before
{Heap before GC invocations=1682 (full 5):
 PSYoungGen      total 15616K, used 14240K [0x00000000fa000000, 0x00000000fb130000, 0x0000000100000000)
  eden space 13888K, 100% used [0x00000000fa000000,0x00000000fad90000,0x00000000fad90000)
  from space 1728K, 20% used [0x00000000faf80000,0x00000000fafd8000,0x00000000fb130000)
  to   space 1856K, 0% used [0x00000000fad90000,0x00000000fad90000,0x00000000faf60000)
 ParOldGen       total 294912K, used 287513K [0x00000000e8000000, 0x00000000fa000000, 0x00000000fa000000)
  object space 294912K, 97% used [0x00000000e8000000,0x00000000f98c65c8,0x00000000fa000000)
 PSPermGen       total 111296K, used 61378K [0x00000000e0000000, 0x00000000e6cb0000, 0x00000000e8000000)
  object space 111296K, 55% used [0x00000000e0000000,0x00000000e3bf0b48,0x00000000e6cb0000)
Event: 79159.009 GC heap after
Heap after GC invocations=1682 (full 5):
 PSYoungGen      total 14272K, used 448K [0x00000000fa000000, 0x00000000fb0e0000, 0x0000000100000000)
  eden space 13824K, 0% used [0x00000000fa000000,0x00000000fa000000,0x00000000fad80000)
  from space 448K, 100% used [0x00000000fad90000,0x00000000fae00000,0x00000000fae00000)
  to   space 1728K, 0% used [0x00000000faf30000,0x00000000faf30000,0x00000000fb0e0000)
 ParOldGen       total 294912K, used 287537K [0x00000000e8000000, 0x00000000fa000000, 0x00000000fa000000)
  object space 294912K, 97% used [0x00000000e8000000,0x00000000f98cc5c8,0x00000000fa000000)
 PSPermGen       total 111296K, used 61378K [0x00000000e0000000, 0x00000000e6cb0000, 0x00000000e8000000)
  object space 111296K, 55% used [0x00000000e0000000,0x00000000e3bf0b48,0x00000000e6cb0000)
}
Event: 79182.318 GC heap before
{Heap before GC invocations=1683 (full 5):
 PSYoungGen      total 14272K, used 14272K [0x00000000fa000000, 0x00000000fb0e0000, 0x0000000100000000)
  eden space 13824K, 100% used [0x00000000fa000000,0x00000000fad80000,0x00000000fad80000)
  from space 448K, 100% used [0x00000000fad90000,0x00000000fae00000,0x00000000fae00000)
  to   space 1728K, 0% used [0x00000000faf30000,0x00000000faf30000,0x00000000fb0e0000)
 ParOldGen       total 294912K, used 287537K [0x00000000e8000000, 0x00000000fa000000, 0x00000000fa000000)
  object space 294912K, 97% used [0x00000000e8000000,0x00000000f98cc5c8,0x00000000fa000000)
 PSPermGen       total 111296K, used 61379K [0x00000000e0000000, 0x00000000e6cb0000, 0x00000000e8000000)
  object space 111296K, 55% used [0x00000000e0000000,0x00000000e3bf0c80,0x00000000e6cb0000)
Event: 79182.326 GC heap after
Heap after GC invocations=1683 (full 5):
 PSYoungGen      total 15296K, used 459K [0x00000000fa000000, 0x00000000fb0b0000, 0x0000000100000000)
  eden space 13760K, 0% used [0x00000000fa000000,0x00000000fa000000,0x00000000fad70000)
  from space 1536K, 29% used [0x00000000faf30000,0x00000000fafa2cb8,0x00000000fb0b0000)
  to   space 1664K, 0% used [0x00000000fad70000,0x00000000fad70000,0x00000000faf10000)
 ParOldGen       total 294912K, used 287561K [0x00000000e8000000, 0x00000000fa000000, 0x00000000fa000000)
  object space 294912K, 97% used [0x00000000e8000000,0x00000000f98d25c8,0x00000000fa000000)
 PSPermGen       total 111296K, used 61379K [0x00000000e0000000, 0x00000000e6cb0000, 0x00000000e8000000)
  object space 111296K, 55% used [0x00000000e0000000,0x00000000e3bf0c80,0x00000000e6cb0000)
}
Event: 79191.880 GC heap before
{Heap before GC invocations=1684 (full 5):
 PSYoungGen      total 15296K, used 10756K [0x00000000fa000000, 0x00000000fb0b0000, 0x0000000100000000)
  eden space 13760K, 74% used [0x00000000fa000000,0x00000000faa0e360,0x00000000fad70000)
  from space 1536K, 29% used [0x00000000faf30000,0x00000000fafa2cb8,0x00000000fb0b0000)
  to   space 1664K, 0% used [0x00000000fad70000,0x00000000fad70000,0x00000000faf10000)
 ParOldGen       total 294912K, used 287561K [0x00000000e8000000, 0x00000000fa000000, 0x00000000fa000000)
  object space 294912K, 97% used [0x00000000e8000000,0x00000000f98d25c8,0x00000000fa000000)
 PSPermGen       total 111296K, used 61379K [0x00000000e0000000, 0x00000000e6cb0000, 0x00000000e8000000)
  object space 111296K, 55% used [0x00000000e0000000,0x00000000e3bf0ca0,0x00000000e6cb0000)
Event: 79191.891 GC heap after
Heap after GC invocations=1684 (full 5):
 PSYoungGen      total 14528K, used 779K [0x00000000fa000000, 0x00000000fb080000, 0x0000000100000000)
  eden space 13696K, 0% used [0x00000000fa000000,0x00000000fa000000,0x00000000fad60000)
  from space 832K, 93% used [0x00000000fad70000,0x00000000fae32cb8,0x00000000fae40000)
  to   space 1600K, 0% used [0x00000000faef0000,0x00000000faef0000,0x00000000fb080000)
 ParOldGen       total 294912K, used 287585K [0x00000000e8000000, 0x00000000fa000000, 0x00000000fa000000)
  object space 294912K, 97% used [0x00000000e8000000,0x00000000f98d85c8,0x00000000fa000000)
 PSPermGen       total 111296K, used 61379K [0x00000000e0000000, 0x00000000e6cb0000, 0x00000000e8000000)
  object space 111296K, 55% used [0x00000000e0000000,0x00000000e3bf0ca0,0x00000000e6cb0000)
}
Event: 79195.925 GC heap before
{Heap before GC invocations=1685 (full 5):
 PSYoungGen      total 14528K, used 14475K [0x00000000fa000000, 0x00000000fb080000, 0x0000000100000000)
  eden space 13696K, 100% used [0x00000000fa000000,0x00000000fad60000,0x00000000fad60000)
  from space 832K, 93% used [0x00000000fad70000,0x00000000fae32cb8,0x00000000fae40000)
  to   space 1600K, 0% used [0x00000000faef0000,0x00000000faef0000,0x00000000fb080000)
 ParOldGen       total 294912K, used 287585K [0x00000000e8000000, 0x00000000fa000000, 0x00000000fa000000)
  object space 294912K, 97% used [0x00000000e8000000,0x00000000f98d85c8,0x00000000fa000000)
 PSPermGen       total 111296K, used 61379K [0x00000000e0000000, 0x00000000e6cb0000, 0x00000000e8000000)
  object space 111296K, 55% used [0x00000000e0000000,0x00000000e3bf0ca0,0x00000000e6cb0000)
Event: 79195.938 GC heap after
Heap after GC invocations=1685 (full 5):
 PSYoungGen      total 15168K, used 809K [0x00000000fa000000, 0x00000000fb070000, 0x0000000100000000)
  eden space 13632K, 0% used [0x00000000fa000000,0x00000000fa000000,0x00000000fad50000)
  from space 1536K, 52% used [0x00000000faef0000,0x00000000fafba468,0x00000000fb070000)
  to   space 1600K, 0% used [0x00000000fad50000,0x00000000fad50000,0x00000000faee0000)
 ParOldGen       total 294912K, used 293783K [0x00000000e8000000, 0x00000000fa000000, 0x00000000fa000000)
  object space 294912K, 99% used [0x00000000e8000000,0x00000000f9ee5cd8,0x00000000fa000000)
 PSPermGen       total 111296K, used 61379K [0x00000000e0000000, 0x00000000e6cb0000, 0x00000000e8000000)
  object space 111296K, 55% used [0x00000000e0000000,0x00000000e3bf0ca0,0x00000000e6cb0000)
}
Event: 79195.938 GC heap before
{Heap before GC invocations=1686 (full 6):
 PSYoungGen      total 15168K, used 809K [0x00000000fa000000, 0x00000000fb070000, 0x0000000100000000)
  eden space 13632K, 0% used [0x00000000fa000000,0x00000000fa000000,0x00000000fad50000)
  from space 1536K, 52% used [0x00000000faef0000,0x00000000fafba468,0x00000000fb070000)
  to   space 1600K, 0% used [0x00000000fad50000,0x00000000fad50000,0x00000000faee0000)
 ParOldGen       total 294912K, used 293783K [0x00000000e8000000, 0x00000000fa000000, 0x00000000fa000000)
  object space 294912K, 99% used [0x00000000e8000000,0x00000000f9ee5cd8,0x00000000fa000000)
 PSPermGen       total 111296K, used 61379K [0x00000000e0000000, 0x00000000e6cb0000, 0x00000000e8000000)
  object space 111296K, 55% used [0x00000000e0000000,0x00000000e3bf0ca0,0x00000000e6cb0000)

